C51 COMPILER V6.02  LED_CONTROL                                                            11/20/2019 15:30:07 PAGE 1   


C51 COMPILER V6.02, COMPILATION OF MODULE LED_CONTROL
OBJECT MODULE PLACED IN .\LED_Control.obj
COMPILER INVOKED BY: C:\Keil\C51\BIN\C51.EXE ..\source\LED_Control.c DEBUG OBJECTEXTEND PRINT(.\LED_Control.lst) OBJECT(
                    -.\LED_Control.obj) 

stmt level    source

   1          #include "main.h"
   2          #include "PORT.H"
   3          #include "LED_Control.h"
   4          
   5          
   6          /***********************************************************************
   7          DESC:  Switches LEDs connected to port 2 on (active low)
   8          INPUT: uint8 LED_mask ('1' bits for LEDs to switch on), uint8 * port (not used)
   9          RETURNS: nothing
  10          CAUTION: Only works if LEDs are connected to port 2
  11          ************************************************************************/
  12          
  13          void LEDS_ON (uint8_t LED_mask)
  14          {
  15   1        P2&=(~LED_mask);
  16   1      }
  17          
  18          /***********************************************************************
  19          DESC:  Switches LEDs connected to port 2 off (inactive high)
  20          INPUT: uint8 LED_mask ('1' bits for LEDs to switch off), uint8 * port (not used)
  21          RETURNS: nothing
  22          CAUTION: Only works if LEDs are connected to port 2
  23          ************************************************************************/
  24          
  25          
  26          void LEDS_OFF (uint8_t LED_mask)
  27          {
  28   1        P2|=(LED_mask);
  29   1      }


MODULE INFORMATION:   STATIC OVERLAYABLE
   CODE SIZE        =      9    ----
   CONSTANT SIZE    =   ----    ----
   XDATA SIZE       =   ----    ----
   PDATA SIZE       =   ----    ----
   DATA SIZE        =   ----    ----
   IDATA SIZE       =   ----    ----
   BIT SIZE         =   ----    ----
END OF MODULE INFORMATION.


C51 COMPILATION COMPLETE.  0 WARNING(S),  0 ERROR(S)
